# JRE version: Java(TM) SE Runtime Environment (17.0.4+11) (build 17.0.4+11-LTS-179)
# Java VM: Java HotSpot(TM) 64-Bit Server VM (17.0.4+11-LTS-179, mixed mode, sharing, tiered, compressed oops, compressed class ptrs, g1 gc, windows-amd64)
GC Precious Log:
 CPUs: 4 total, 4 available
 Memory: 8060M
 Large Page Support: Disabled
 NUMA Support: Disabled
 Compressed Oops: Enabled (32-bit)
 Heap Region Size: 1M
 Heap Min Capacity: 8M
 Heap Initial Capacity: 126M
 Heap Max Capacity: 2016M
 Pre-touch: Disabled
 Parallel Workers: 4
 Concurrent Workers: 1
 Concurrent Refinement Workers: 4
 Periodic GC: Disabled
Heap:
 garbage-first heap   total 185344K, used 85837K [0x0000000082000000, 0x0000000100000000)
  region size 1024K, 37 young (37888K), 2 survivors (2048K)
 Metaspace       used 63321K, committed 63680K, reserved 1105920K
  class space    used 8535K, committed 8704K, reserved 1048576K
GC Heap History (20 events):
Event: 66.068 GC heap before
{Heap before GC invocations=19 (full 0):
 garbage-first heap   total 55296K, used 43191K [0x0000000082000000, 0x0000000100000000)
  region size 1024K, 18 young (18432K), 3 survivors (3072K)
 Metaspace       used 58383K, committed 58816K, reserved 1105920K
  class space    used 7908K, committed 8128K, reserved 1048576K
}
Event: 66.076 GC heap after
{Heap after GC invocations=20 (full 0):
 garbage-first heap   total 55296K, used 29568K [0x0000000082000000, 0x0000000100000000)
  region size 1024K, 2 young (2048K), 2 survivors (2048K)
 Metaspace       used 58383K, committed 58816K, reserved 1105920K
  class space    used 7908K, committed 8128K, reserved 1048576K
}
Event: 67.449 GC heap before
{Heap before GC invocations=21 (full 0):
 garbage-first heap   total 55296K, used 44928K [0x0000000082000000, 0x0000000100000000)
  region size 1024K, 17 young (17408K), 2 survivors (2048K)
 Metaspace       used 59897K, committed 60288K, reserved 1105920K
  class space    used 8121K, committed 8320K, reserved 1048576K
}
Event: 67.456 GC heap after
{Heap after GC invocations=22 (full 0):
 garbage-first heap   total 55296K, used 31020K [0x0000000082000000, 0x0000000100000000)
  region size 1024K, 3 young (3072K), 3 survivors (3072K)
 Metaspace       used 59897K, committed 60288K, reserved 1105920K
  class space    used 8121K, committed 8320K, reserved 1048576K
}
Event: 68.634 GC heap before
{Heap before GC invocations=22 (full 0):
 garbage-first heap   total 55296K, used 44332K [0x0000000082000000, 0x0000000100000000)
  region size 1024K, 16 young (16384K), 3 survivors (3072K)
 Metaspace       used 61017K, committed 61440K, reserved 1105920K
  class space    used 8283K, committed 8448K, reserved 1048576K
}
Event: 68.640 GC heap after
{Heap after GC invocations=23 (full 0):
 garbage-first heap   total 55296K, used 32064K [0x0000000082000000, 0x0000000100000000)
  region size 1024K, 2 young (2048K), 2 survivors (2048K)
 Metaspace       used 61017K, committed 61440K, reserved 1105920K
  class space    used 8283K, committed 8448K, reserved 1048576K
}
Event: 69.245 GC heap before
{Heap before GC invocations=24 (full 0):
 garbage-first heap   total 58368K, used 44352K [0x0000000082000000, 0x0000000100000000)
  region size 1024K, 14 young (14336K), 2 survivors (2048K)
 Metaspace       used 61611K, committed 62016K, reserved 1105920K
  class space    used 8357K, committed 8576K, reserved 1048576K
}
Event: 69.251 GC heap after
{Heap after GC invocations=25 (full 0):
 garbage-first heap   total 58368K, used 33402K [0x0000000082000000, 0x0000000100000000)
  region size 1024K, 2 young (2048K), 2 survivors (2048K)
 Metaspace       used 61611K, committed 62016K, reserved 1105920K
  class space    used 8357K, committed 8576K, reserved 1048576K
}
Event: 70.228 GC heap before
{Heap before GC invocations=25 (full 0):
 garbage-first heap   total 58368K, used 41594K [0x0000000082000000, 0x0000000100000000)
  region size 1024K, 11 young (11264K), 2 survivors (2048K)
 Metaspace       used 62991K, committed 63424K, reserved 1105920K
  class space    used 8522K, committed 8704K, reserved 1048576K
}
Event: 70.235 GC heap after
{Heap after GC invocations=26 (full 0):
 garbage-first heap   total 58368K, used 34226K [0x0000000082000000, 0x0000000100000000)
  region size 1024K, 1 young (1024K), 1 survivors (1024K)
 Metaspace       used 62991K, committed 63424K, reserved 1105920K
  class space    used 8522K, committed 8704K, reserved 1048576K
}
Event: 70.453 GC heap before
{Heap before GC invocations=27 (full 0):
 garbage-first heap   total 71680K, used 47538K [0x0000000082000000, 0x0000000100000000)
  region size 1024K, 14 young (14336K), 1 survivors (1024K)
 Metaspace       used 63052K, committed 63488K, reserved 1105920K
  class space    used 8522K, committed 8704K, reserved 1048576K
}
Event: 70.460 GC heap after
{Heap after GC invocations=28 (full 0):
 garbage-first heap   total 71680K, used 38216K [0x0000000082000000, 0x0000000100000000)
  region size 1024K, 2 young (2048K), 2 survivors (2048K)
 Metaspace       used 63052K, committed 63488K, reserved 1105920K
  class space    used 8522K, committed 8704K, reserved 1048576K
}
Event: 70.751 GC heap before
{Heap before GC invocations=28 (full 0):
 garbage-first heap   total 71680K, used 55624K [0x0000000082000000, 0x0000000100000000)
  region size 1024K, 20 young (20480K), 2 survivors (2048K)
 Metaspace       used 63084K, committed 63488K, reserved 1105920K
  class space    used 8522K, committed 8704K, reserved 1048576K
}
Event: 70.758 GC heap after
{Heap after GC invocations=29 (full 0):
 garbage-first heap   total 71680K, used 41189K [0x0000000082000000, 0x0000000100000000)
  region size 1024K, 3 young (3072K), 3 survivors (3072K)
 Metaspace       used 63084K, committed 63488K, reserved 1105920K
  class space    used 8522K, committed 8704K, reserved 1048576K
}
Event: 71.045 GC heap before
{Heap before GC invocations=30 (full 0):
 garbage-first heap   total 83968K, used 56549K [0x0000000082000000, 0x0000000100000000)
  region size 1024K, 18 young (18432K), 3 survivors (3072K)
 Metaspace       used 63161K, committed 63552K, reserved 1105920K
  class space    used 8525K, committed 8704K, reserved 1048576K
}
Event: 71.056 GC heap after
{Heap after GC invocations=31 (full 0):
 garbage-first heap   total 83968K, used 46570K [0x0000000082000000, 0x0000000100000000)
  region size 1024K, 3 young (3072K), 3 survivors (3072K)
 Metaspace       used 63161K, committed 63552K, reserved 1105920K
  class space    used 8525K, committed 8704K, reserved 1048576K
}
Event: 71.440 GC heap before
{Heap before GC invocations=31 (full 0):
 garbage-first heap   total 83968K, used 52714K [0x0000000082000000, 0x0000000100000000)
  region size 1024K, 10 young (10240K), 3 survivors (3072K)
 Metaspace       used 63298K, committed 63680K, reserved 1105920K
  class space    used 8535K, committed 8704K, reserved 1048576K
}
Event: 71.450 GC heap after
{Heap after GC invocations=32 (full 0):
 garbage-first heap   total 83968K, used 49021K [0x0000000082000000, 0x0000000100000000)
  region size 1024K, 2 young (2048K), 2 survivors (2048K)
 Metaspace       used 63298K, committed 63680K, reserved 1105920K
  class space    used 8535K, committed 8704K, reserved 1048576K
}
Event: 71.610 GC heap before
{Heap before GC invocations=32 (full 0):
 garbage-first heap   total 106496K, used 63357K [0x0000000082000000, 0x0000000100000000)
  region size 1024K, 15 young (15360K), 2 survivors (2048K)
 Metaspace       used 63300K, committed 63680K, reserved 1105920K
  class space    used 8535K, committed 8704K, reserved 1048576K
}
Event: 71.618 GC heap after
{Heap after GC invocations=33 (full 0):
 garbage-first heap   total 185344K, used 52045K [0x0000000082000000, 0x0000000100000000)
  region size 1024K, 2 young (2048K), 2 survivors (2048K)
 Metaspace       used 63300K, committed 63680K, reserved 1105920K
  class space    used 8535K, committed 8704K, reserved 1048576K
}

